------------------- Processing chr 15 -------------------

VCFtools - 0.1.15
(C) Adam Auton and Anthony Marcketta 2009

Parameters as interpreted:
	--gzvcf /project2/gilad/joycehsiao/dropseq-pipeline/genotypes-18489/chr15.genotypes.18489.vcf.gz
	--out /project2/gilad/joycehsiao/dropseq-pipeline/genotypes-18489-tmp/chr15.pseudo
	--recode

Using zlib version: 1.2.8
After filtering, kept 1 out of 1 Individuals
Outputting VCF file...
After filtering, kept 2327750 out of a possible 2327750 Sites
Run Time = 57.00 seconds

VCFtools - 0.1.15
(C) Adam Auton and Anthony Marcketta 2009

Parameters as interpreted:
	--gzvcf /project2/gilad/joycehsiao/dropseq-pipeline/genotypes-18489/chr15.genotypes.18489.vcf.gz
	--out /project2/gilad/joycehsiao/dropseq-pipeline/genotypes-18489-tmp/chr15.pseudo
	--positions /project2/gilad/joycehsiao/dropseq-pipeline/genotypes-18489-tmp/chr15.genotypes.ancestral.positions.list.txt
	--recode

Using zlib version: 1.2.8
After filtering, kept 1 out of 1 Individuals
Outputting VCF file...
After filtering, kept 1129114 out of a possible 2327750 Sites
Run Time = 27.00 seconds
mv: cannot move ‘tmp’ to ‘/project2/gilad/joycehsiao/dropseq-pipeline/genotypes-18489-tmp/chr15.pseudo.tmp.vcf’: No such file or directory
