------------------- Processing chr 5 -------------------

VCFtools - 0.1.15
(C) Adam Auton and Anthony Marcketta 2009

Parameters as interpreted:
	--gzvcf /project2/gilad/joycehsiao/dropseq-pipeline/genotypes-18489/chr5.genotypes.18489.vcf.gz
	--out /project2/gilad/joycehsiao/dropseq-pipeline/genotypes-18489-tmp/chr5.pseudo
	--recode

Using zlib version: 1.2.8
After filtering, kept 1 out of 1 Individuals
Outputting VCF file...
After filtering, kept 5054752 out of a possible 5054752 Sites
Run Time = 104.00 seconds

VCFtools - 0.1.15
(C) Adam Auton and Anthony Marcketta 2009

Parameters as interpreted:
	--gzvcf /project2/gilad/joycehsiao/dropseq-pipeline/genotypes-18489/chr5.genotypes.18489.vcf.gz
	--out /project2/gilad/joycehsiao/dropseq-pipeline/genotypes-18489-tmp/chr5.pseudo
	--positions /project2/gilad/joycehsiao/dropseq-pipeline/genotypes-18489-tmp/chr5.genotypes.ancestral.positions.list.txt
	--recode

Using zlib version: 1.2.8
After filtering, kept 1 out of 1 Individuals
Outputting VCF file...
After filtering, kept 2475080 out of a possible 5054752 Sites
Run Time = 78.00 seconds
