------------------- Processing chr 11 -------------------

VCFtools - 0.1.15
(C) Adam Auton and Anthony Marcketta 2009

Parameters as interpreted:
	--gzvcf /project2/gilad/joycehsiao/dropseq-pipeline/genotypes-18489/chr11.genotypes.18489.vcf.gz
	--out /project2/gilad/joycehsiao/dropseq-pipeline/genotypes-18489-tmp/chr11.pseudo
	--recode

Using zlib version: 1.2.8
After filtering, kept 1 out of 1 Individuals
Outputting VCF file...
After filtering, kept 3889435 out of a possible 3889435 Sites
Run Time = 113.00 seconds

VCFtools - 0.1.15
(C) Adam Auton and Anthony Marcketta 2009

Parameters as interpreted:
	--gzvcf /project2/gilad/joycehsiao/dropseq-pipeline/genotypes-18489/chr11.genotypes.18489.vcf.gz
	--out /project2/gilad/joycehsiao/dropseq-pipeline/genotypes-18489-tmp/chr11.pseudo
	--positions /project2/gilad/joycehsiao/dropseq-pipeline/genotypes-18489-tmp/chr11.genotypes.ancestral.positions.list.txt
	--recode

Using zlib version: 1.2.8
After filtering, kept 1 out of 1 Individuals
Outputting VCF file...
After filtering, kept 3711 out of a possible 3889435 Sites
Run Time = 13.00 seconds
[E::get_intv] Failed to parse TBX_VCF, was wrong -p [type] used?
The offending line was: "chr	"
