------------------- Processing chr 12 -------------------

VCFtools - 0.1.15
(C) Adam Auton and Anthony Marcketta 2009

Parameters as interpreted:
	--gzvcf /project2/gilad/joycehsiao/dropseq-pipeline/genotypes-18489/chr12.genotypes.18489.vcf.gz
	--out /project2/gilad/joycehsiao/dropseq-pipeline/genotypes-18489-tmp/chr12.pseudo
	--recode

Using zlib version: 1.2.8
After filtering, kept 1 out of 1 Individuals
Outputting VCF file...
After filtering, kept 3621567 out of a possible 3621567 Sites
Run Time = 66.00 seconds

VCFtools - 0.1.15
(C) Adam Auton and Anthony Marcketta 2009

Parameters as interpreted:
	--gzvcf /project2/gilad/joycehsiao/dropseq-pipeline/genotypes-18489/chr12.genotypes.18489.vcf.gz
	--out /project2/gilad/joycehsiao/dropseq-pipeline/genotypes-18489-tmp/chr12.pseudo
	--positions /project2/gilad/joycehsiao/dropseq-pipeline/genotypes-18489-tmp/chr12.genotypes.ancestral.positions.list.txt
	--recode

Using zlib version: 1.2.8
After filtering, kept 1 out of 1 Individuals
Outputting VCF file...
After filtering, kept 1756814 out of a possible 3621567 Sites
Run Time = 46.00 seconds
[E::get_intv] Failed to parse TBX_VCF, was wrong -p [type] used?
The offending line was: "chr"
[E::hts_idx_push] Unsorted positions on sequence #1: 101971731 followed by 1
tbx_index_build failed: /project2/gilad/joycehsiao/dropseq-pipeline/genotypes-18489-pseudo/chr12.pseudo.sorted.vcf.gz
