------------------- Processing chr 17 -------------------

VCFtools - 0.1.15
(C) Adam Auton and Anthony Marcketta 2009

Parameters as interpreted:
	--gzvcf /project2/gilad/joycehsiao/dropseq-pipeline/genotypes-18489/chr17.genotypes.18489.vcf.gz
	--out /project2/gilad/joycehsiao/dropseq-pipeline/genotypes-18489-tmp/chr17.pseudo
	--recode

Using zlib version: 1.2.8
After filtering, kept 1 out of 1 Individuals
Outputting VCF file...
After filtering, kept 2233400 out of a possible 2233400 Sites
Run Time = 67.00 seconds

VCFtools - 0.1.15
(C) Adam Auton and Anthony Marcketta 2009

Parameters as interpreted:
	--gzvcf /project2/gilad/joycehsiao/dropseq-pipeline/genotypes-18489/chr17.genotypes.18489.vcf.gz
	--out /project2/gilad/joycehsiao/dropseq-pipeline/genotypes-18489-tmp/chr17.pseudo
	--positions /project2/gilad/joycehsiao/dropseq-pipeline/genotypes-18489-tmp/chr17.genotypes.ancestral.positions.list.txt
	--recode

Using zlib version: 1.2.8
After filtering, kept 1 out of 1 Individuals
Outputting VCF file...
After filtering, kept 1102263 out of a possible 2233400 Sites
Run Time = 35.00 seconds
mv: cannot stat ‘tmp’: No such file or directory
