------------------- Processing chr 8 -------------------

VCFtools - 0.1.15
(C) Adam Auton and Anthony Marcketta 2009

Parameters as interpreted:
	--gzvcf /project2/gilad/joycehsiao/dropseq-pipeline/genotypes-18489/chr8.genotypes.18489.vcf.gz
	--out /project2/gilad/joycehsiao/dropseq-pipeline/genotypes-18489-tmp/chr8.pseudo
	--recode

Using zlib version: 1.2.8
After filtering, kept 1 out of 1 Individuals
Outputting VCF file...
After filtering, kept 4433244 out of a possible 4433244 Sites
Run Time = 136.00 seconds

VCFtools - 0.1.15
(C) Adam Auton and Anthony Marcketta 2009

Parameters as interpreted:
	--gzvcf /project2/gilad/joycehsiao/dropseq-pipeline/genotypes-18489/chr8.genotypes.18489.vcf.gz
	--out /project2/gilad/joycehsiao/dropseq-pipeline/genotypes-18489-tmp/chr8.pseudo
	--positions /project2/gilad/joycehsiao/dropseq-pipeline/genotypes-18489-tmp/chr8.genotypes.ancestral.positions.list.txt
	--recode

Using zlib version: 1.2.8
After filtering, kept 1 out of 1 Individuals
Outputting VCF file...
After filtering, kept 2179345 out of a possible 4433244 Sites
Run Time = 65.00 seconds
